<?xml version="1.0" encoding="UTF-8"?>
<!-- Generated by org.testng.reporters.JUnitXMLReporter -->
<testsuite hostname="DESKTOP-AALL9QS" ignored="0" name="BankingApp" tests="4" failures="3" timestamp="27 Nov 2023 03:33:56 GMT" time="29.722" errors="0">
  <testcase name="Login" time="5.965" classname="com.interbanking.testcases.TC_LoginPage_DDT_002"/>
  <testcase name="Login" time="5.068" classname="com.interbanking.testcases.TC_LoginPage_DDT_002">
    <failure type="java.lang.AssertionError" message="expected [true] but found [false]">
      <![CDATA[java.lang.AssertionError: expected [true] but found [false]
at com.interbanking.testcases.TC_LoginPage_DDT_002.Login(TC_LoginPage_DDT_002.java:38)
at java.util.concurrent.FutureTask.run(FutureTask.java:266)
at java.util.concurrent.ThreadPoolExecutor.runWorker(ThreadPoolExecutor.java:1149)
at java.util.concurrent.ThreadPoolExecutor$Worker.run(ThreadPoolExecutor.java:624)
at java.lang.Thread.run(Thread.java:748)
... Removed 20 stack frames]]>
    </failure>
  </testcase> <!-- Login -->
  <testcase name="Login" time="4.669" classname="com.interbanking.testcases.TC_LoginPage_DDT_002">
    <failure type="java.lang.AssertionError" message="expected [true] but found [false]">
      <![CDATA[java.lang.AssertionError: expected [true] but found [false]
at com.interbanking.testcases.TC_LoginPage_DDT_002.Login(TC_LoginPage_DDT_002.java:38)
at java.util.concurrent.FutureTask.run(FutureTask.java:266)
at java.util.concurrent.ThreadPoolExecutor.runWorker(ThreadPoolExecutor.java:1149)
at java.util.concurrent.ThreadPoolExecutor$Worker.run(ThreadPoolExecutor.java:624)
at java.lang.Thread.run(Thread.java:748)
... Removed 20 stack frames]]>
    </failure>
  </testcase> <!-- Login -->
  <testcase name="Login" time="4.356" classname="com.interbanking.testcases.TC_LoginPage_DDT_002">
    <failure type="java.lang.AssertionError" message="expected [true] but found [false]">
      <![CDATA[java.lang.AssertionError: expected [true] but found [false]
at com.interbanking.testcases.TC_LoginPage_DDT_002.Login(TC_LoginPage_DDT_002.java:38)
at java.util.concurrent.FutureTask.run(FutureTask.java:266)
at java.util.concurrent.ThreadPoolExecutor.runWorker(ThreadPoolExecutor.java:1149)
at java.util.concurrent.ThreadPoolExecutor$Worker.run(ThreadPoolExecutor.java:624)
at java.lang.Thread.run(Thread.java:748)
... Removed 20 stack frames]]>
    </failure>
  </testcase> <!-- Login -->
</testsuite> <!-- BankingApp -->
